0	1	mikroCARM.exe -MSF -DBG -pSTM32F107VC -RA -BIN -LHF -DL -SSA -O11111114 -fo72 -N"D:\Clicks_git\T\Tilt_2_click\SW\example\c\ARM\STM\Click_Tilt2_STM.mcpar" -SP"C:\Users\Public\Documents\Mikroelektronika\mikroC PRO for ARM\Defs\" -SP"C:\Users\Public\Documents\Mikroelektronika\mikroC PRO for ARM\Uses\ST M3\" -SP"D:\Clicks_git\T\Tilt_2_click\SW\example\c\ARM\STM\" -SP"D:\Clicks_git\T\Tilt_2_click\SW\library\HAL\" -SP"D:\Clicks_git\T\Tilt_2_click\SW\library\" -SP"C:\Users\Public\Documents\Mikroelektronika\mikroC PRO for ARM\Packages\mikroBUS Board Definition API\Uses\" -IP"C:\Users\Public\Documents\Mikroelektronika\mikroC PRO for ARM\Uses\ST M3\" -IP"D:\Clicks_git\T\Tilt_2_click\SW\example\c\ARM\STM\" -IP"D:\Clicks_git\T\Tilt_2_click\SW\library\" -IP"D:\Clicks_git\T\Tilt_2_click\SW\library\HAL\" -IP"C:\Users\Public\Documents\Mikroelektronika\mikroC PRO for ARM\Packages\mikroBUS Board Definition API\Uses\" "Click_Tilt2_STM.c" "__tilt2_driver.c" "__Lib_Math.emcl" "__Lib_MathDouble.emcl" "__Lib_Delays.emcl" "__Lib_System_105_107.emcl" "__Lib_GPIO_32F10x_Defs.emcl" "__Lib_GPIO_32F10x.emcl" "__Lib_CString.emcl" "__Lib_Conversions.emcl" "__Lib_UART_123_45.emcl" "easymx_v7_STM32F107VC.emcl" "Click_Tilt2.pld"	 
diagnostics: 0	122	Compilation Started	STM32F107VC.c
diagnostics: 38838	123	Compiled Successfully	STM32F107VC.c
diagnostics: 0	122	Compilation Started	__Lib_Delays.c
diagnostics: 118	123	Compiled Successfully	__Lib_Delays.c
hint: 66	1164	Variable 'cycles_div_by_10' has been eliminated by optimizer	__Lib_Delays.c
hint: 87	1164	Variable 'NumberOfCyc' has been eliminated by optimizer	__Lib_Delays.c
hint: 104	1164	Variable 'NumberOfCyc' has been eliminated by optimizer	__Lib_Delays.c
diagnostics: 0	122	Compilation Started	__lib_gpio.h
diagnostics: 814	123	Compiled Successfully	__Lib_GPIO_32F10x_Defs.c
diagnostics: 0	122	Compilation Started	stdint.h
diagnostics: 349	123	Compiled Successfully	easymx_v7_STM32F107VC.c
diagnostics: 0	122	Compilation Started	stdint.h
diagnostics: 64	123	Compiled Successfully	Click_Tilt2_STM.c
hint: 45	1164	Variable 'tilt' has been eliminated by optimizer	Click_Tilt2_STM.c
diagnostics: 0	122	Compilation Started	stdint.h
diagnostics: 77	123	Compiled Successfully	__tilt2_driver.c
hint: 323	1164	Variable 'tmp' has been eliminated by optimizer	__tilt2_driver.c
diagnostics: 0	127	All files Compiled in 125 ms	 
hint: 0	1144	Used RX: 16 (100%)   Free RX: 0 (0%)	Used RX: 16 (100%)   Free RX: 0 (0%)
hint: 0	1144	Static RAM (bytes): 69   Dynamic RAM (bytes): 65461	Static RAM (bytes): 69   Dynamic RAM (bytes): 65461
hint: 0	1144	Used ROM (bytes): 5603 (2%)  Free ROM (bytes): 256541 (98%)	Used ROM (bytes): 5603 (2%)  Free ROM (bytes): 256541 (98%)
diagnostics: 0	125	Project Linked Successfully	Click_Tilt2_STM.mcpar
diagnostics: 0	128	Linked in 234 ms	 
diagnostics: 0	129	Project 'Click_Tilt2_STM.mcpar' completed: 1203 ms	 
diagnostics: 0	103	Finished successfully: 12 dec 2018, 09:39:59	Click_Tilt2_STM.mcpar
